2023-04-23 13:06:23.814  INFO 3372 --- [main] .c.e.EmployeeManagementSystemApplication : Starting EmployeeManagementSystemApplication using Java 17.0.7 on Akshat with PID 3372 (C:\Users\acer\OneDrive\Desktop\CapstoneFolder\EmployeeManagementSystem\bin\main started by acer in C:\Users\acer\OneDrive\Desktop\CapstoneFolder\EmployeeManagementSystem)
2023-04-23 13:06:23.893  INFO 3372 --- [main] .c.e.EmployeeManagementSystemApplication : No active profile set, falling back to 1 default profile: "default"
2023-04-23 13:06:26.203  INFO 3372 --- [main] .s.d.r.c.RepositoryConfigurationDelegate : Bootstrapping Spring Data JPA repositories in DEFAULT mode.
2023-04-23 13:06:26.403  INFO 3372 --- [main] .s.d.r.c.RepositoryConfigurationDelegate : Finished Spring Data repository scanning in 150 ms. Found 1 JPA repository interfaces.
2023-04-23 13:06:27.676  INFO 3372 --- [main] o.s.b.w.embedded.tomcat.TomcatWebServer  : Tomcat initialized with port(s): 8181 (http)
2023-04-23 13:06:27.719  INFO 3372 --- [main] o.apache.catalina.core.StandardService   : Starting service [Tomcat]
2023-04-23 13:06:27.721  INFO 3372 --- [main] org.apache.catalina.core.StandardEngine  : Starting Servlet engine: [Apache Tomcat/9.0.74]
2023-04-23 13:06:28.033  INFO 3372 --- [main] o.a.c.c.C.[Tomcat].[localhost].[/]       : Initializing Spring embedded WebApplicationContext
2023-04-23 13:06:28.035  INFO 3372 --- [main] w.s.c.ServletWebServerApplicationContext : Root WebApplicationContext: initialization completed in 3972 ms
2023-04-23 13:06:28.373  INFO 3372 --- [main] o.hibernate.jpa.internal.util.LogHelper  : HHH000204: Processing PersistenceUnitInfo [name: default]
2023-04-23 13:06:28.564  INFO 3372 --- [main] org.hibernate.Version                    : HHH000412: Hibernate ORM core version 5.6.15.Final
2023-04-23 13:06:29.014  INFO 3372 --- [main] o.hibernate.annotations.common.Version   : HCANN000001: Hibernate Commons Annotations {5.1.2.Final}
2023-04-23 13:06:29.298  INFO 3372 --- [main] com.zaxxer.hikari.HikariDataSource       : HikariPool-1 - Starting...
2023-04-23 13:06:30.178  INFO 3372 --- [main] com.zaxxer.hikari.HikariDataSource       : HikariPool-1 - Start completed.
2023-04-23 13:06:30.228  INFO 3372 --- [main] org.hibernate.dialect.Dialect            : HHH000400: Using dialect: org.hibernate.dialect.MySQL8Dialect
2023-04-23 13:06:31.898  INFO 3372 --- [main] o.h.e.t.j.p.i.JtaPlatformInitiator       : HHH000490: Using JtaPlatform implementation: [org.hibernate.engine.transaction.jta.platform.internal.NoJtaPlatform]
2023-04-23 13:06:31.922  INFO 3372 --- [main] j.LocalContainerEntityManagerFactoryBean : Initialized JPA EntityManagerFactory for persistence unit 'default'
2023-04-23 13:06:31.952  WARN 3372 --- [main] ConfigServletWebServerApplicationContext : Exception encountered during context initialization - cancelling refresh attempt: org.springframework.beans.factory.UnsatisfiedDependencyException: Error creating bean with name 'employeeRestController': Unsatisfied dependency expressed through field 'employeeService'; nested exception is org.springframework.beans.factory.NoSuchBeanDefinitionException: No qualifying bean of type 'com.hdfc.capstone.employeemanagement.service.IEmployeeService' available: expected at least 1 bean which qualifies as autowire candidate. Dependency annotations: {@org.springframework.beans.factory.annotation.Autowired(required=true)}
2023-04-23 13:06:31.953  INFO 3372 --- [main] j.LocalContainerEntityManagerFactoryBean : Closing JPA EntityManagerFactory for persistence unit 'default'
2023-04-23 13:06:31.960  INFO 3372 --- [main] com.zaxxer.hikari.HikariDataSource       : HikariPool-1 - Shutdown initiated...
2023-04-23 13:06:32.007  INFO 3372 --- [main] com.zaxxer.hikari.HikariDataSource       : HikariPool-1 - Shutdown completed.
2023-04-23 13:06:32.013  INFO 3372 --- [main] o.apache.catalina.core.StandardService   : Stopping service [Tomcat]
2023-04-23 13:06:32.042  INFO 3372 --- [main] ConditionEvaluationReportLoggingListener : 

Error starting ApplicationContext. To display the conditions report re-run your application with 'debug' enabled.
2023-04-23 13:06:32.094 ERROR 3372 --- [main] o.s.b.d.LoggingFailureAnalysisReporter   : 

***************************
APPLICATION FAILED TO START
***************************

Description:

Field employeeService in com.hdfc.capstone.employeemanagement.controller.EmployeeRestController required a bean of type 'com.hdfc.capstone.employeemanagement.service.IEmployeeService' that could not be found.

The injection point has the following annotations:
	- @org.springframework.beans.factory.annotation.Autowired(required=true)


Action:

Consider defining a bean of type 'com.hdfc.capstone.employeemanagement.service.IEmployeeService' in your configuration.

2023-04-23 13:08:04.394  INFO 6800 --- [main] .c.e.EmployeeManagementSystemApplication : Starting EmployeeManagementSystemApplication using Java 17.0.7 on Akshat with PID 6800 (C:\Users\acer\OneDrive\Desktop\CapstoneFolder\EmployeeManagementSystem\bin\main started by acer in C:\Users\acer\OneDrive\Desktop\CapstoneFolder\EmployeeManagementSystem)
2023-04-23 13:08:04.460  INFO 6800 --- [main] .c.e.EmployeeManagementSystemApplication : No active profile set, falling back to 1 default profile: "default"
2023-04-23 13:08:06.651  INFO 6800 --- [main] .s.d.r.c.RepositoryConfigurationDelegate : Bootstrapping Spring Data JPA repositories in DEFAULT mode.
2023-04-23 13:08:06.849  INFO 6800 --- [main] .s.d.r.c.RepositoryConfigurationDelegate : Finished Spring Data repository scanning in 119 ms. Found 1 JPA repository interfaces.
2023-04-23 13:08:08.249  INFO 6800 --- [main] o.s.b.w.embedded.tomcat.TomcatWebServer  : Tomcat initialized with port(s): 8181 (http)
2023-04-23 13:08:08.304  INFO 6800 --- [main] o.apache.catalina.core.StandardService   : Starting service [Tomcat]
2023-04-23 13:08:08.305  INFO 6800 --- [main] org.apache.catalina.core.StandardEngine  : Starting Servlet engine: [Apache Tomcat/9.0.74]
2023-04-23 13:08:08.624  INFO 6800 --- [main] o.a.c.c.C.[Tomcat].[localhost].[/]       : Initializing Spring embedded WebApplicationContext
2023-04-23 13:08:08.652  INFO 6800 --- [main] w.s.c.ServletWebServerApplicationContext : Root WebApplicationContext: initialization completed in 3897 ms
2023-04-23 13:08:09.069  INFO 6800 --- [main] o.hibernate.jpa.internal.util.LogHelper  : HHH000204: Processing PersistenceUnitInfo [name: default]
2023-04-23 13:08:09.201  INFO 6800 --- [main] org.hibernate.Version                    : HHH000412: Hibernate ORM core version 5.6.15.Final
2023-04-23 13:08:09.648  INFO 6800 --- [main] o.hibernate.annotations.common.Version   : HCANN000001: Hibernate Commons Annotations {5.1.2.Final}
2023-04-23 13:08:09.922  INFO 6800 --- [main] com.zaxxer.hikari.HikariDataSource       : HikariPool-1 - Starting...
2023-04-23 13:08:10.657  INFO 6800 --- [main] com.zaxxer.hikari.HikariDataSource       : HikariPool-1 - Start completed.
2023-04-23 13:08:10.706  INFO 6800 --- [main] org.hibernate.dialect.Dialect            : HHH000400: Using dialect: org.hibernate.dialect.MySQL8Dialect
2023-04-23 13:08:12.270  INFO 6800 --- [main] o.h.e.t.j.p.i.JtaPlatformInitiator       : HHH000490: Using JtaPlatform implementation: [org.hibernate.engine.transaction.jta.platform.internal.NoJtaPlatform]
2023-04-23 13:08:12.297  INFO 6800 --- [main] j.LocalContainerEntityManagerFactoryBean : Initialized JPA EntityManagerFactory for persistence unit 'default'
2023-04-23 13:08:13.103  WARN 6800 --- [main] JpaBaseConfiguration$JpaWebConfiguration : spring.jpa.open-in-view is enabled by default. Therefore, database queries may be performed during view rendering. Explicitly configure spring.jpa.open-in-view to disable this warning
2023-04-23 13:08:15.415  INFO 6800 --- [main] o.s.b.w.embedded.tomcat.TomcatWebServer  : Tomcat started on port(s): 8181 (http) with context path ''
2023-04-23 13:08:15.440  INFO 6800 --- [main] .c.e.EmployeeManagementSystemApplication : Started EmployeeManagementSystemApplication in 12.945 seconds (JVM running for 14.859)
2023-04-23 13:08:20.139  INFO 6800 --- [RMI TCP Connection(2)-127.0.0.1] inMXBeanRegistrar$SpringApplicationAdmin : Application shutdown requested.
2023-04-23 13:08:20.218  INFO 6800 --- [RMI TCP Connection(2)-127.0.0.1] o.apache.catalina.core.StandardService   : Stopping service [Tomcat]
2023-04-23 13:08:20.253  INFO 6800 --- [RMI TCP Connection(2)-127.0.0.1] j.LocalContainerEntityManagerFactoryBean : Closing JPA EntityManagerFactory for persistence unit 'default'
2023-04-23 13:08:20.259  INFO 6800 --- [RMI TCP Connection(2)-127.0.0.1] com.zaxxer.hikari.HikariDataSource       : HikariPool-1 - Shutdown initiated...
2023-04-23 13:08:20.301  INFO 6800 --- [RMI TCP Connection(2)-127.0.0.1] com.zaxxer.hikari.HikariDataSource       : HikariPool-1 - Shutdown completed.
2023-04-23 13:08:29.075  INFO 12904 --- [main] .c.e.EmployeeManagementSystemApplication : Starting EmployeeManagementSystemApplication using Java 17.0.7 on Akshat with PID 12904 (C:\Users\acer\OneDrive\Desktop\CapstoneFolder\EmployeeManagementSystem\bin\main started by acer in C:\Users\acer\OneDrive\Desktop\CapstoneFolder\EmployeeManagementSystem)
2023-04-23 13:08:29.125  INFO 12904 --- [main] .c.e.EmployeeManagementSystemApplication : No active profile set, falling back to 1 default profile: "default"
2023-04-23 13:08:31.525  INFO 12904 --- [main] .s.d.r.c.RepositoryConfigurationDelegate : Bootstrapping Spring Data JPA repositories in DEFAULT mode.
2023-04-23 13:08:31.706  INFO 12904 --- [main] .s.d.r.c.RepositoryConfigurationDelegate : Finished Spring Data repository scanning in 134 ms. Found 1 JPA repository interfaces.
2023-04-23 13:08:33.228  INFO 12904 --- [main] o.s.b.w.embedded.tomcat.TomcatWebServer  : Tomcat initialized with port(s): 8181 (http)
2023-04-23 13:08:33.255  INFO 12904 --- [main] o.apache.catalina.core.StandardService   : Starting service [Tomcat]
2023-04-23 13:08:33.256  INFO 12904 --- [main] org.apache.catalina.core.StandardEngine  : Starting Servlet engine: [Apache Tomcat/9.0.74]
2023-04-23 13:08:33.582  INFO 12904 --- [main] o.a.c.c.C.[Tomcat].[localhost].[/]       : Initializing Spring embedded WebApplicationContext
2023-04-23 13:08:33.585  INFO 12904 --- [main] w.s.c.ServletWebServerApplicationContext : Root WebApplicationContext: initialization completed in 4234 ms
2023-04-23 13:08:33.920  INFO 12904 --- [main] o.hibernate.jpa.internal.util.LogHelper  : HHH000204: Processing PersistenceUnitInfo [name: default]
2023-04-23 13:08:34.084  INFO 12904 --- [main] org.hibernate.Version                    : HHH000412: Hibernate ORM core version 5.6.15.Final
2023-04-23 13:08:34.587  INFO 12904 --- [main] o.hibernate.annotations.common.Version   : HCANN000001: Hibernate Commons Annotations {5.1.2.Final}
2023-04-23 13:08:34.893  INFO 12904 --- [main] com.zaxxer.hikari.HikariDataSource       : HikariPool-1 - Starting...
2023-04-23 13:08:35.814  INFO 12904 --- [main] com.zaxxer.hikari.HikariDataSource       : HikariPool-1 - Start completed.
2023-04-23 13:08:35.886  INFO 12904 --- [main] org.hibernate.dialect.Dialect            : HHH000400: Using dialect: org.hibernate.dialect.MySQL8Dialect
2023-04-23 13:08:37.923  INFO 12904 --- [main] o.h.e.t.j.p.i.JtaPlatformInitiator       : HHH000490: Using JtaPlatform implementation: [org.hibernate.engine.transaction.jta.platform.internal.NoJtaPlatform]
2023-04-23 13:08:37.955  INFO 12904 --- [main] j.LocalContainerEntityManagerFactoryBean : Initialized JPA EntityManagerFactory for persistence unit 'default'
2023-04-23 13:08:39.627  WARN 12904 --- [main] JpaBaseConfiguration$JpaWebConfiguration : spring.jpa.open-in-view is enabled by default. Therefore, database queries may be performed during view rendering. Explicitly configure spring.jpa.open-in-view to disable this warning
2023-04-23 13:08:42.872  INFO 12904 --- [main] o.s.b.w.embedded.tomcat.TomcatWebServer  : Tomcat started on port(s): 8181 (http) with context path ''
2023-04-23 13:08:42.898  INFO 12904 --- [main] .c.e.EmployeeManagementSystemApplication : Started EmployeeManagementSystemApplication in 14.999 seconds (JVM running for 17.377)
2023-04-23 13:12:14.250  INFO 12904 --- [http-nio-8181-exec-1] o.apache.coyote.http11.Http11Processor   : Error parsing HTTP request header
 Note: further occurrences of HTTP request parsing errors will be logged at DEBUG level.

java.lang.IllegalArgumentException: Invalid character found in method name [0x160x030x010x000xf70x010x000x000xf30x030x030xee0x93T0x910xc00xed0xdf#0xa20xd50x020o0x140xbc0x940x120x1fX0x1d+0xb20x8aJ ]. HTTP method names must be tokens
	at org.apache.coyote.http11.Http11InputBuffer.parseRequestLine(Http11InputBuffer.java:407) ~[tomcat-embed-core-9.0.74.jar:9.0.74]
	at org.apache.coyote.http11.Http11Processor.service(Http11Processor.java:262) ~[tomcat-embed-core-9.0.74.jar:9.0.74]
	at org.apache.coyote.AbstractProcessorLight.process(AbstractProcessorLight.java:63) ~[tomcat-embed-core-9.0.74.jar:9.0.74]
	at org.apache.coyote.AbstractProtocol$ConnectionHandler.process(AbstractProtocol.java:926) ~[tomcat-embed-core-9.0.74.jar:9.0.74]
	at org.apache.tomcat.util.net.NioEndpoint$SocketProcessor.doRun(NioEndpoint.java:1791) ~[tomcat-embed-core-9.0.74.jar:9.0.74]
	at org.apache.tomcat.util.net.SocketProcessorBase.run(SocketProcessorBase.java:52) ~[tomcat-embed-core-9.0.74.jar:9.0.74]
	at org.apache.tomcat.util.threads.ThreadPoolExecutor.runWorker(ThreadPoolExecutor.java:1191) ~[tomcat-embed-core-9.0.74.jar:9.0.74]
	at org.apache.tomcat.util.threads.ThreadPoolExecutor$Worker.run(ThreadPoolExecutor.java:659) ~[tomcat-embed-core-9.0.74.jar:9.0.74]
	at org.apache.tomcat.util.threads.TaskThread$WrappingRunnable.run(TaskThread.java:61) ~[tomcat-embed-core-9.0.74.jar:9.0.74]
	at java.base/java.lang.Thread.run(Thread.java:833) ~[na:na]

2023-04-23 13:18:03.862  INFO 12904 --- [RMI TCP Connection(13)-127.0.0.1] inMXBeanRegistrar$SpringApplicationAdmin : Application shutdown requested.
2023-04-23 13:18:03.979  INFO 12904 --- [RMI TCP Connection(13)-127.0.0.1] o.apache.catalina.core.StandardService   : Stopping service [Tomcat]
2023-04-23 13:18:04.127  INFO 12904 --- [RMI TCP Connection(13)-127.0.0.1] j.LocalContainerEntityManagerFactoryBean : Closing JPA EntityManagerFactory for persistence unit 'default'
2023-04-23 13:18:04.134  INFO 12904 --- [RMI TCP Connection(13)-127.0.0.1] com.zaxxer.hikari.HikariDataSource       : HikariPool-1 - Shutdown initiated...
2023-04-23 13:18:04.220  INFO 12904 --- [RMI TCP Connection(13)-127.0.0.1] com.zaxxer.hikari.HikariDataSource       : HikariPool-1 - Shutdown completed.
2023-04-23 13:19:18.209  INFO 12084 --- [main] .c.e.EmployeeManagementSystemApplication : Starting EmployeeManagementSystemApplication using Java 17.0.7 on Akshat with PID 12084 (C:\Users\acer\OneDrive\Desktop\CapstoneFolder\EmployeeManagementSystem\bin\main started by acer in C:\Users\acer\OneDrive\Desktop\CapstoneFolder\EmployeeManagementSystem)
2023-04-23 13:19:18.735  INFO 12084 --- [main] .c.e.EmployeeManagementSystemApplication : No active profile set, falling back to 1 default profile: "default"
2023-04-23 13:19:20.970  INFO 12084 --- [main] .s.d.r.c.RepositoryConfigurationDelegate : Bootstrapping Spring Data JPA repositories in DEFAULT mode.
2023-04-23 13:19:21.137  INFO 12084 --- [main] .s.d.r.c.RepositoryConfigurationDelegate : Finished Spring Data repository scanning in 119 ms. Found 1 JPA repository interfaces.
2023-04-23 13:19:22.460  INFO 12084 --- [main] o.s.b.w.embedded.tomcat.TomcatWebServer  : Tomcat initialized with port(s): 8181 (http)
2023-04-23 13:19:22.505  INFO 12084 --- [main] o.apache.catalina.core.StandardService   : Starting service [Tomcat]
2023-04-23 13:19:22.506  INFO 12084 --- [main] org.apache.catalina.core.StandardEngine  : Starting Servlet engine: [Apache Tomcat/9.0.74]
2023-04-23 13:19:22.847  INFO 12084 --- [main] o.a.c.c.C.[Tomcat].[localhost].[/]       : Initializing Spring embedded WebApplicationContext
2023-04-23 13:19:22.850  INFO 12084 --- [main] w.s.c.ServletWebServerApplicationContext : Root WebApplicationContext: initialization completed in 3725 ms
2023-04-23 13:19:23.195  INFO 12084 --- [main] o.hibernate.jpa.internal.util.LogHelper  : HHH000204: Processing PersistenceUnitInfo [name: default]
2023-04-23 13:19:23.342  INFO 12084 --- [main] org.hibernate.Version                    : HHH000412: Hibernate ORM core version 5.6.15.Final
2023-04-23 13:19:23.754  INFO 12084 --- [main] o.hibernate.annotations.common.Version   : HCANN000001: Hibernate Commons Annotations {5.1.2.Final}
2023-04-23 13:19:24.038  INFO 12084 --- [main] com.zaxxer.hikari.HikariDataSource       : HikariPool-1 - Starting...
2023-04-23 13:19:24.885  INFO 12084 --- [main] com.zaxxer.hikari.HikariDataSource       : HikariPool-1 - Start completed.
2023-04-23 13:19:24.944  INFO 12084 --- [main] org.hibernate.dialect.Dialect            : HHH000400: Using dialect: org.hibernate.dialect.MySQL8Dialect
2023-04-23 13:19:26.888  INFO 12084 --- [main] o.h.e.t.j.p.i.JtaPlatformInitiator       : HHH000490: Using JtaPlatform implementation: [org.hibernate.engine.transaction.jta.platform.internal.NoJtaPlatform]
2023-04-23 13:19:26.917  INFO 12084 --- [main] j.LocalContainerEntityManagerFactoryBean : Initialized JPA EntityManagerFactory for persistence unit 'default'
2023-04-23 13:19:27.767  WARN 12084 --- [main] JpaBaseConfiguration$JpaWebConfiguration : spring.jpa.open-in-view is enabled by default. Therefore, database queries may be performed during view rendering. Explicitly configure spring.jpa.open-in-view to disable this warning
2023-04-23 13:19:30.349  INFO 12084 --- [main] o.s.b.w.embedded.tomcat.TomcatWebServer  : Tomcat started on port(s): 8181 (http) with context path ''
2023-04-23 13:19:30.377  INFO 12084 --- [main] .c.e.EmployeeManagementSystemApplication : Started EmployeeManagementSystemApplication in 13.499 seconds (JVM running for 15.145)
2023-04-23 13:19:39.421  INFO 12084 --- [http-nio-8181-exec-2] o.a.c.c.C.[Tomcat].[localhost].[/]       : Initializing Spring DispatcherServlet 'dispatcherServlet'
2023-04-23 13:19:39.422  INFO 12084 --- [http-nio-8181-exec-2] o.s.web.servlet.DispatcherServlet        : Initializing Servlet 'dispatcherServlet'
2023-04-23 13:19:39.435  INFO 12084 --- [http-nio-8181-exec-2] o.s.web.servlet.DispatcherServlet        : Completed initialization in 10 ms
2023-04-23 13:20:42.384  INFO 12084 --- [RMI TCP Connection(5)-127.0.0.1] inMXBeanRegistrar$SpringApplicationAdmin : Application shutdown requested.
2023-04-23 13:20:42.427  INFO 12084 --- [RMI TCP Connection(5)-127.0.0.1] o.apache.catalina.core.StandardService   : Stopping service [Tomcat]
2023-04-23 13:20:42.431  INFO 12084 --- [RMI TCP Connection(5)-127.0.0.1] o.a.c.c.C.[Tomcat].[localhost].[/]       : Destroying Spring FrameworkServlet 'dispatcherServlet'
2023-04-23 13:20:42.466  INFO 12084 --- [RMI TCP Connection(5)-127.0.0.1] j.LocalContainerEntityManagerFactoryBean : Closing JPA EntityManagerFactory for persistence unit 'default'
2023-04-23 13:20:42.470  INFO 12084 --- [RMI TCP Connection(5)-127.0.0.1] com.zaxxer.hikari.HikariDataSource       : HikariPool-1 - Shutdown initiated...
2023-04-23 13:20:42.530  INFO 12084 --- [RMI TCP Connection(5)-127.0.0.1] com.zaxxer.hikari.HikariDataSource       : HikariPool-1 - Shutdown completed.
